Arguments: 
  /usr/local/Cellar/node/11.10.0/bin/node /usr/local/Cellar/yarn/1.13.0/libexec/bin/yarn.js dev

PATH: 
  /usr/local/opt/ruby/bin:/Users/ralphlandon/google-cloud-sdk/bin:/Users/ralphlandon/go/bin:/usr/local/bin:/usr/bin:/bin:/usr/sbin:/sbin:/usr/local/MacGPG2/bin:/opt/X11/bin

Yarn version: 
  1.13.0

Node version: 
  11.10.0

Platform: 
  darwin x64

Trace: 
  SyntaxError: /Users/ralphlandon/static-sites/next/test/package.json: Unexpected token } in JSON at position 175
      at JSON.parse (<anonymous>)
      at /usr/local/Cellar/yarn/1.13.0/libexec/lib/cli.js:1625:59
      at Generator.next (<anonymous>)
      at step (/usr/local/Cellar/yarn/1.13.0/libexec/lib/cli.js:304:30)
      at /usr/local/Cellar/yarn/1.13.0/libexec/lib/cli.js:315:13

npm manifest: 
  {
    "name": "test",
    "version": "1.0.0",
    "description": "",
    "main": "index.js",
    "scripts": {
      "dev": "next",
      "build": "next build",
      "start": "next start",
    },
    "author": "",
    "license": "ISC",
    "dependencies": {
      "next": "^8.0.1",
      "react": "^16.8.2",
      "react-dom": "^16.8.2"
    }
  }

yarn manifest: 
  No manifest

Lockfile: 
  No lockfile
